2019-05-12T07:14:51.243Z - normal: Load ~/.CocosCreator/settings.json
2019-05-12T07:14:52.447Z - normal: Initializing Asset Database
2019-05-12T07:14:52.447Z - normal: checking language setting...
2019-05-12T07:14:52.447Z - normal: Language: zh
2019-05-12T07:14:53.619Z - success: preview server running at http://localhost:7456
2019-05-12T07:14:53.619Z - success: protocol editor-framework registered
2019-05-12T07:14:53.619Z - success: protocol app registered
2019-05-12T07:14:53.619Z - success: protocol theme registered
2019-05-12T07:14:53.619Z - success: protocol packages registered
2019-05-12T07:14:53.619Z - success: protocol uuid registerred
2019-05-12T07:14:53.619Z - success: protocol db registerred
2019-05-12T07:14:53.619Z - success: protocol thumbnail registerred
2019-05-12T07:14:53.619Z - success: protocol unpack registerred
2019-05-12T07:14:53.619Z - success: protocol disable-commonjs registerred
2019-05-12T07:14:53.806Z - normal: connected!
2019-05-12T07:14:53.806Z - normal: Check project G:\github repository\diabolo
2019-05-12T07:14:53.822Z - normal: Initializing project G:\github repository\diabolo
2019-05-12T07:14:54.540Z - normal: Initializing Cocos2d
2019-05-12T07:14:55.774Z - normal: Initializing engine extends
2019-05-12T07:14:55.806Z - success: asset-db-debugger loaded
2019-05-12T07:14:55.806Z - success: baidu-adapter loaded
2019-05-12T07:14:55.806Z - success: code-editor loaded
2019-05-12T07:14:55.806Z - success: color-picker loaded
2019-05-12T07:14:55.978Z - success: fb-audience-network loaded
2019-05-12T07:14:56.087Z - success: fb-live-stream loaded
2019-05-12T07:14:56.087Z - success: google-play-instant loaded
2019-05-12T07:14:56.102Z - success: huawei-runtime loaded
2019-05-12T07:14:56.102Z - success: jsb-adapter loaded
2019-05-12T07:14:56.118Z - success: oppo-runtime loaded
2019-05-12T07:14:56.118Z - success: package-manager loaded
2019-05-12T07:14:56.321Z - success: qqplay-adapter loaded
2019-05-12T07:14:56.321Z - success: runtime-dev-tools loaded
2019-05-12T07:14:56.321Z - success: sdkbox loaded
2019-05-12T07:14:56.337Z - success: tester loaded
2019-05-12T07:14:56.337Z - success: ui-grid loaded
2019-05-12T07:14:56.337Z - success: ui-kit-preview-extra loaded
2019-05-12T07:14:56.337Z - success: ui-kit-preview loaded
2019-05-12T07:14:56.352Z - success: ui-kit loaded
2019-05-12T07:14:56.352Z - success: ui-tree loaded
2019-05-12T07:14:56.352Z - success: vivo-runtime loaded
2019-05-12T07:14:56.352Z - success: weapp-adapter loaded
2019-05-12T07:14:56.415Z - success: assets loaded
2019-05-12T07:14:56.431Z - success: builder loaded
2019-05-12T07:14:56.930Z - success: cocos-services loaded
2019-05-12T07:14:56.946Z - success: console loaded
2019-05-12T07:14:57.008Z - success: fb-instant-games loaded
2019-05-12T07:14:57.008Z - success: google-instant-games loaded
2019-05-12T07:14:57.024Z - success: hierarchy loaded
2019-05-12T07:14:57.024Z - success: inspector loaded
2019-05-12T07:14:57.040Z - success: keystore loaded
2019-05-12T07:14:57.040Z - success: node-library loaded
2019-05-12T07:14:57.055Z - success: package-asset loaded
2019-05-12T07:14:57.055Z - success: preferences loaded
2019-05-12T07:14:57.071Z - success: project-exporter loaded
2019-05-12T07:14:57.071Z - success: project-importer loaded
2019-05-12T07:14:57.087Z - success: project-settings loaded
2019-05-12T07:14:57.102Z - success: scene loaded
2019-05-12T07:14:57.118Z - success: simulator-debugger loaded
2019-05-12T07:14:57.118Z - success: sprite-editor loaded
2019-05-12T07:14:57.133Z - success: store loaded
2019-05-12T07:14:57.133Z - success: timeline loaded
2019-05-12T07:14:59.126Z - normal: Loading packages
2019-05-12T07:14:59.137Z - normal: Watching packages
2019-05-12T07:15:00.071Z - info: Cocos Services load base data!
2019-05-12T07:15:00.788Z - normal: Run Application
2019-05-12T08:00:17.205Z - error: getComponent: Type must be non-nil
    at Object.cc.errorID (F:\Cocos Creator\CocosCreator\resources\engine\bin\.cache\dev\cocos2d\core\CCDebug.js:167:16)
    at getConstructor (F:\Cocos Creator\CocosCreator\resources\engine\bin\.cache\dev\cocos2d\core\utils\base-node.js:29:20)
    at cc_Node.getComponent (F:\Cocos Creator\CocosCreator\resources\engine\bin\.cache\dev\cocos2d\core\utils\base-node.js:399:35)
    at HTMLElement.query-node-info (F:\Cocos Creator\CocosCreator\resources\app.asar\editor\builtin\scene\panel\messages\scene-query.js:1:1331)
    at Object.e._dispatch (F:\Cocos Creator\CocosCreator\resources\app.asar\editor-framework\lib\renderer\panel.js:1:1941)
    at EventEmitter.o.on.s (F:\Cocos Creator\CocosCreator\resources\app.asar\editor-framework\lib\renderer\ipc.js:1:2917)
    at emitMany (events.js:127:13)
    at EventEmitter.emit (events.js:204:7)
